<?xml version="1.0" encoding="UTF-8"?>
<!-- Generated by org.testng.reporters.JUnitXMLReporter -->
<testsuite ignored="11" hostname="DESKTOP-I5MV7FE" failures="0" tests="1" name="Default test" time="51.225" errors="0" timestamp="٢٠٢٥-٠٥-٠٥T٠١:٤٦:٢٧ غرينتش+٠٣:٠٠">
  <testcase classname="NewProject.Almosafer.AppTest" name="NewPage" time="44.85"/>
  <testcase classname="NewProject.Almosafer.AppTest" name="Randomly_Select" time="0.0">
    <ignored/>
  </testcase> <!-- Randomly_Select -->
  <testcase classname="NewProject.Almosafer.AppTest" name="Hotelsbtn" time="0.0">
    <ignored/>
  </testcase> <!-- Hotelsbtn -->
  <testcase classname="NewProject.Almosafer.AppTest" name="Language" time="0.0">
    <ignored/>
  </testcase> <!-- Language -->
  <testcase classname="NewProject.Almosafer.AppTest" name="Flight_departure" time="0.0">
    <ignored/>
  </testcase> <!-- Flight_departure -->
  <testcase classname="NewProject.Almosafer.AppTest" name="Flight_return" time="0.0">
    <ignored/>
  </testcase> <!-- Flight_return -->
  <testcase classname="NewProject.Almosafer.AppTest" name="Random_Hotel" time="0.0">
    <ignored/>
  </testcase> <!-- Random_Hotel -->
  <testcase classname="NewProject.Almosafer.AppTest" name="Logo" time="0.0">
    <ignored/>
  </testcase> <!-- Logo -->
  <testcase classname="NewProject.Almosafer.AppTest" name="Search_Tab" time="0.0">
    <ignored/>
  </testcase> <!-- Search_Tab -->
  <testcase classname="NewProject.Almosafer.AppTest" name="RLanguage" time="0.0">
    <ignored/>
  </testcase> <!-- RLanguage -->
  <testcase classname="NewProject.Almosafer.AppTest" name="Sar" time="0.0">
    <ignored/>
  </testcase> <!-- Sar -->
  <testcase classname="NewProject.Almosafer.AppTest" name="Number" time="0.0">
    <ignored/>
  </testcase> <!-- Number -->
</testsuite> <!-- Default test -->
